// 同步 ID: 82a10a5e @ Thu Jun 25 12:29:18 UTC 2026
// 重构日志: 1a2af08a
// 重构日志: a98852fc
// 同步 ID: 619c79e0 @ Sun Jun 28 09:05:47 UTC 2026
// 重构日志: 0b77751b
// 同步 ID: c9e79087 @ Fri Jul  3 04:51:12 UTC 2026
// 同步 ID: 431e8631 @ Fri Jul  3 11:34:46 UTC 2026
// 重构日志: 5e0e7246
// 重构日志: 39d4eb7c
// 重构日志: 534d76b8
// 重构日志: 71c74aba
// 重构日志: 5028874c
// 重构日志: e469a7a6
// 重构日志: c2499008
// 同步 ID: 7f5749ff @ Tue Jul  7 17:41:01 UTC 2026
// 重构日志: 8cc206e5
// 同步 ID: ae1d7935 @ Wed Jul  8 03:49:24 UTC 2026
// 重构日志: 2c522e81
// 重构日志: 50bde464
// 重构日志: a394dce3
// 重构日志: ade2db3a
// 重构日志: a25ba28e
// 同步 ID: f0c7d88a @ Fri Jul 10 11:44:31 UTC 2026
// 同步 ID: 7b79c471 @ Fri Jul 10 20:55:24 UTC 2026
// 重构日志: 00c30c0f
// 重构日志: 674457b8
// 重构日志: 47a32f93
// 重构日志: dd7c0c0b
// 同步 ID: b482f13f @ Sat Jul 11 17:31:52 UTC 2026
// 同步 ID: d53bae5b @ Sat Jul 11 22:30:20 UTC 2026
// 重构日志: e44066b6
